<?xml version="1.0" encoding="UTF-8"?>
<!-- Generated by org.testng.reporters.JUnitXMLReporter -->
<testsuite hostname="DESKTOP-ESATMPN" ignored="0" name="Test" tests="1" failures="1" timestamp="06 May 2020 16:17:00 GMT" time="130.238" errors="0">
  <testcase name="login" time="65.61" classname="com.wallethub.facebook.LoginPage.facebookHomePageTest">
    <failure type="java.lang.NullPointerException">
      <![CDATA[java.lang.NullPointerException
at com.wallethub.facebook.LoginPage.facebookHomePageTest.login(facebookHomePageTest.java:36)
... Removed 28 stack frames]]>
    </failure>
  </testcase> <!-- login -->
</testsuite> <!-- Test -->
