-------------------------------------------------------------------------------
Test set: TestSuite
-------------------------------------------------------------------------------
Tests run: 1, Failures: 1, Errors: 0, Skipped: 0, Time elapsed: 134.491 s <<< FAILURE! - in TestSuite
login(com.wallethub.facebook.LoginPage.facebookHomePageTest)  Time elapsed: 65.772 s  <<< FAILURE!
java.lang.NullPointerException
	at com.wallethub.facebook.LoginPage.facebookHomePageTest.login(facebookHomePageTest.java:36)

