<?xml version="1.0" encoding="UTF-8"?>
<testng-results skipped="0" failed="0" ignored="0" total="1" passed="1">
  <reporter-output>
  </reporter-output>
  <suite name="Default suite" duration-ms="79304" started-at="2020-05-08T13:35:09Z" finished-at="2020-05-08T13:36:28Z">
    <groups>
    </groups>
    <test name="Default test" duration-ms="79304" started-at="2020-05-08T13:35:09Z" finished-at="2020-05-08T13:36:28Z">
      <class name="com.wallethub.facebook.Test.facebookHomePageTest">
        <test-method status="PASS" signature="setUpandLogin()[pri:0, instance:com.wallethub.facebook.Test.facebookHomePageTest@520a3426]" name="setUpandLogin" is-config="true" duration-ms="39163" started-at="2020-05-08T13:35:09Z" finished-at="2020-05-08T13:35:48Z">
          <reporter-output>
          </reporter-output>
        </test-method> <!-- setUpandLogin -->
        <test-method status="PASS" signature="faceBook_createpost()[pri:1, instance:com.wallethub.facebook.Test.facebookHomePageTest@520a3426]" name="faceBook_createpost" duration-ms="35169" started-at="2020-05-08T13:35:48Z" finished-at="2020-05-08T13:36:23Z">
          <reporter-output>
          </reporter-output>
        </test-method> <!-- faceBook_createpost -->
        <test-method status="PASS" signature="logOutpage()[pri:0, instance:com.wallethub.facebook.Test.facebookHomePageTest@520a3426]" name="logOutpage" is-config="true" duration-ms="2948" started-at="2020-05-08T13:36:23Z" finished-at="2020-05-08T13:36:26Z">
          <reporter-output>
          </reporter-output>
        </test-method> <!-- logOutpage -->
        <test-method status="PASS" signature="tearDown()[pri:0, instance:com.wallethub.facebook.Test.facebookHomePageTest@520a3426]" name="tearDown" is-config="true" duration-ms="1800" started-at="2020-05-08T13:36:26Z" finished-at="2020-05-08T13:36:28Z">
          <reporter-output>
          </reporter-output>
        </test-method> <!-- tearDown -->
      </class> <!-- com.wallethub.facebook.Test.facebookHomePageTest -->
    </test> <!-- Default test -->
  </suite> <!-- Default suite -->
</testng-results>
